黔西南布依族苗族自治州
克孜勒苏柯尔克孜自治州
黔西南布依族苗族自治州
恩施土家族苗族自治州
湘西土家族苗族自治州
黔东南苗族侗族自治州
黔南布依族苗族自治州
红河哈尼族彝族自治州
德宏傣族景颇族自治州
海西蒙古族藏族自治州
阿坝藏族羌族自治州
文山壮族苗族自治州
西双版纳傣族自治州
博尔塔拉蒙古自治州
巴音郭楞蒙古自治州
延边朝鲜族自治州
怒江傈僳族自治州
伊犁哈萨克自治州
甘孜藏族自治州
凉山彝族自治州
楚雄彝族自治州
大理白族自治州
迪庆藏族自治州
临夏回族自治州
甘南藏族自治州
海北藏族自治州
黄南藏族自治州
海南藏族自治州
果洛藏族自治州
玉树藏族自治州
昌吉回族自治州
呼和浩特市
鄂尔多斯市
呼伦贝尔市
巴彦淖尔市
乌兰察布市
锡林郭勒盟
齐齐哈尔市
日喀则地区
乌鲁木齐市
克拉玛依市
吐鲁番地区
阿克苏地区
阿勒泰地区
呼和浩特
鄂尔多斯
呼伦贝尔
巴彦淖尔
乌兰察布
锡林郭勒
齐齐哈尔
大兴安岭
乌鲁木齐
克拉玛依
澳门半岛
澳门离岛
石家庄市
秦皇岛市
张家口市
阿拉善盟
葫芦岛市
哈尔滨市
双鸭山市
佳木斯市
七台河市
牡丹江市
连云港市
马鞍山市
景德镇市
平顶山市
三门峡市
驻马店市
张家界市
防城港市
攀枝花市
六盘水市
昌都地区
山南地区
那曲地区
阿里地区
林芝地区
嘉峪关市
海东地区
石嘴山市
哈密地区
喀什地区
和田地区
塔城地区
石家庄
秦皇岛
张家口
阿拉善
葫芦岛
哈尔滨
双鸭山
佳木斯
七台河
牡丹江
连云港
马鞍山
景德镇
平顶山
三门峡
驻马店
张家界
防城港
攀枝花
六盘水
日喀则
嘉峪关
石嘴山
吐鲁番
阿克苏
阿勒泰
香港岛
上海市
北京市
天津市
重庆市
唐山市
邯郸市
邢台市
保定市
承德市
沧州市
廊坊市
衡水市
太原市
大同市
阳泉市
长治市
晋城市
朔州市
晋中市
运城市
忻州市
临汾市
吕梁市
包头市
乌海市
赤峰市
通辽市
兴安盟
沈阳市
大连市
鞍山市
抚顺市
本溪市
丹东市
锦州市
营口市
阜新市
辽阳市
盘锦市
铁岭市
朝阳市
长春市
吉林市
四平市
辽源市
通化市
白山市
松原市
白城市
鸡西市
鹤岗市
大庆市
伊春市
黑河市
绥化市
南京市
无锡市
徐州市
常州市
苏州市
南通市
淮安市
盐城市
扬州市
镇江市
泰州市
宿迁市
杭州市
宁波市
温州市
嘉兴市
湖州市
绍兴市
金华市
衢州市
舟山市
台州市
丽水市
合肥市
芜湖市
蚌埠市
淮南市
淮北市
铜陵市
安庆市
黄山市
滁州市
阜阳市
宿州市
六安市
亳州市
池州市
宣城市
福州市
厦门市
莆田市
三明市
泉州市
漳州市
南平市
龙岩市
宁德市
南昌市
萍乡市
九江市
新余市
鹰潭市
赣州市
吉安市
宜春市
抚州市
上饶市
济南市
青岛市
淄博市
枣庄市
东营市
烟台市
潍坊市
济宁市
泰安市
威海市
日照市
莱芜市
临沂市
德州市
聊城市
滨州市
菏泽市
郑州市
开封市
洛阳市
安阳市
鹤壁市
新乡市
焦作市
濮阳市
许昌市
漯河市
南阳市
商丘市
信阳市
周口市
武汉市
黄石市
十堰市
宜昌市
襄阳市
鄂州市
荆门市
孝感市
荆州市
黄冈市
咸宁市
随州市
长沙市
株洲市
湘潭市
衡阳市
邵阳市
岳阳市
常德市
益阳市
郴州市
永州市
怀化市
娄底市
广州市
韶关市
深圳市
珠海市
汕头市
佛山市
江门市
湛江市
茂名市
肇庆市
惠州市
梅州市
汕尾市
河源市
阳江市
清远市
东莞市
中山市
潮州市
揭阳市
云浮市
南宁市
柳州市
桂林市
梧州市
北海市
钦州市
贵港市
玉林市
百色市
贺州市
河池市
来宾市
崇左市
海口市
三亚市
三沙市
成都市
自贡市
泸州市
德阳市
绵阳市
广元市
遂宁市
内江市
乐山市
南充市
眉山市
宜宾市
广安市
达州市
雅安市
巴中市
资阳市
贵阳市
遵义市
安顺市
毕节市
铜仁市
昆明市
曲靖市
玉溪市
保山市
昭通市
丽江市
普洱市
临沧市
拉萨市
西安市
铜川市
宝鸡市
咸阳市
渭南市
延安市
汉中市
榆林市
安康市
商洛市
兰州市
金昌市
白银市
天水市
武威市
张掖市
平凉市
酒泉市
庆阳市
定西市
陇南市
西宁市
银川市
吴忠市
固原市
中卫市
台北市
高雄市
基隆市
台中市
台南市
新竹市
嘉义市
唐山
邯郸
邢台
保定
承德
沧州
廊坊
衡水
太原
大同
阳泉
长治
晋城
朔州
晋中
运城
忻州
临汾
吕梁
包头
乌海
赤峰
通辽
兴安
沈阳
大连
鞍山
抚顺
本溪
丹东
锦州
营口
阜新
辽阳
盘锦
铁岭
朝阳
长春
吉林
四平
辽源
通化
白山
松原
白城
鸡西
鹤岗
大庆
伊春
黑河
绥化
南京
无锡
徐州
常州
苏州
南通
淮安
盐城
扬州
镇江
泰州
宿迁
杭州
宁波
温州
嘉兴
湖州
绍兴
金华
衢州
舟山
台州
丽水
合肥
芜湖
蚌埠
淮南
淮北
铜陵
安庆
黄山
滁州
阜阳
宿州
六安
亳州
池州
宣城
福州
厦门
莆田
三明
泉州
漳州
南平
龙岩
宁德
南昌
萍乡
九江
上海
北京
天津
重庆
新余
鹰潭
赣州
吉安
宜春
抚州
上饶
济南
青岛
淄博
枣庄
东营
烟台
潍坊
济宁
泰安
威海
日照
莱芜
临沂
德州
聊城
滨州
菏泽
郑州
开封
洛阳
安阳
鹤壁
新乡
焦作
濮阳
许昌
漯河
南阳
商丘
信阳
周口
武汉
黄石
十堰
宜昌
襄阳
鄂州
荆门
孝感
荆州
黄冈
咸宁
随州
长沙
株洲
湘潭
衡阳
邵阳
岳阳
常德
益阳
郴州
永州
怀化
娄底
广州
韶关
深圳
珠海
汕头
佛山
江门
湛江
茂名
肇庆
惠州
梅州
汕尾
河源
阳江
清远
东莞
中山
潮州
揭阳
云浮
南宁
柳州
桂林
梧州
北海
钦州
贵港
玉林
百色
贺州
河池
来宾
崇左
海口
三亚
三沙
成都
自贡
泸州
德阳
绵阳
广元
遂宁
内江
乐山
南充
眉山
宜宾
广安
达州
雅安
巴中
资阳
贵阳
遵义
安顺
毕节
铜仁
昆明
曲靖
玉溪
保山
昭通
丽江
普洱
临沧
拉萨
昌都
山南
那曲
阿里
林芝
西安
铜川
宝鸡
咸阳
渭南
延安
汉中
榆林
安康
商洛
兰州
金昌
白银
天水
武威
张掖
平凉
酒泉
庆阳
定西
陇南
西宁
海东
银川
吴忠
固原
中卫
哈密
喀什
和田
塔城
台北
高雄
基隆
台中
台南
新竹
嘉义
九龙
新界
克孜勒苏
恩施
湘西
红河
德宏
海西
阿坝
文山
西双版纳
博尔塔拉
巴音郭楞
延边
怒江
伊犁
甘孜
凉山
楚雄
大理
迪庆
临夏
甘南
海北
黄南
果洛
玉树
昌吉