首都师范大学科德学院
北京工商大学嘉华学院
北京邮电大学世纪学院
北京工业大学耿丹学院
北京第二外国语学院中瑞酒店管理学院
南开大学滨海学院
天津外国语大学滨海外事学院
天津体育学院运动与文化艺术学院
天津商业大学宝德学院
天津医科大学临床医学院
北京科技大学天津学院
天津师范大学津沽学院
天津理工大学中环信息学院
天津大学仁爱学院
天津财经大学珠江学院
河北联合大学轻工学院
河北工程大学科信学院
华北电力大学科技学院
河北科技大学理工学院
河北大学工商学院
河北师范大学汇华学院
河北医科大学临床学院
河北经贸大学经济管理学院
河北工业大学城市学院
燕山大学里仁学院
石家庄铁道大学四方学院
石家庄经济学院华信学院
河北农业大学现代科技学院
河北联合大学冀唐学院
中国地质大学长城学院
北京中医药大学东方学院
北京交通大学海滨学院
山西大学商务学院
太原理工大学现代科技学院
山西农业大学信息学院
山西师范大学现代文理学院
中北大学信息商务学院
太原科技大学华科学院
山西医科大学晋祠学院
山西财经大学华商学院
内蒙古大学创业学院
内蒙古师范大学鸿德学院
大连理工大学城市学院
沈阳航空航天大学北方科技学院
大连工业大学艺术与信息工程学院
辽宁科技大学信息技术学院
中国医科大学临床医药学院
辽宁石油化工大学顺华能源学院
辽宁师范大学海华学院
辽宁中医药大学杏林学院
辽宁医学院医疗学院
大连医科大学中山学院
沈阳工业大学工程学院
沈阳化工大学科亚学院
吉林建筑大学城建学院
长春工业大学人文信息学院
长春理工大学光电信息学院
东北师范大学人文学院
吉林师范大学博达学院
长春大学旅游学院
东北农业大学成栋学院
黑龙江工程学院昆仑旅游学院
上海外国语大学贤达经济人文学院
上海师范大学天华学院
东南大学成贤学院
中国矿业大学徐海学院
南京大学金陵学院
南京理工大学紫金学院
南京航空航天大学金城学院
中国传媒大学南广学院
南京理工大学泰州科技学院
南京师范大学泰州学院
南京工业大学浦江学院
南京师范大学中北学院
南京医科大学康达学院
南京中医药大学翰林学院
南京信息工程大学滨江学院
苏州大学文正学院
苏州大学应用技术学院
苏州科技学院天平学院
江苏大学京江学院
扬州大学广陵学院
江苏师范大学科文学院
南京邮电大学通达学院
南京财经大学红山学院
江苏科技大学苏州理工学院
常州大学怀德学院
南通大学杏林学院
南京审计学院金审学院
浙江大学城市学院
浙江大学宁波理工学院
浙江工业大学之江学院
浙江师范大学行知学院
宁波大学科学技术学院
杭州电子科技大学信息工程学院
浙江理工大学科技与艺术学院
浙江海洋学院东海科学技术学院
浙江农林大学暨阳学院
温州医科大学仁济学院
浙江中医药大学滨江学院
杭州师范大学钱江学院
湖州师范学院求真学院
绍兴文理学院元培学院
温州大学瓯江学院
浙江工商大学杭州商学院
中国计量学院现代科技学院
浙江财经大学东方学院
嘉兴学院南湖学院
温州大学城市学院
同济大学浙江学院
上海财经大学浙江学院
安徽大学江淮学院
安徽师范大学皖江学院
安徽农业大学经济技术学院
安徽医科大学临床医学院
安徽工业大学工商学院
安徽财经大学商学院
淮北师范大学信息学院
安徽建筑大学城市建设学院
安徽工程大学机电学院
阜阳师范学院信息工程学院
河海大学文天学院
厦门大学嘉庚学院
福州大学阳光学院
福建师范大学协和学院
福建农林大学东方学院
福建师范大学闽南科技学院
华侨大学厦门工学院
集美大学诚毅学院
福州大学至诚学院
福建农林大学金山学院
南昌大学科学技术学院
江西农业大学南昌商学院
江西师范大学科学技术学院
华东交通大学理工学院
江西理工大学应用科学学院
东华理工大学长江学院
南昌航空大学科技学院
江西中医药大学科技学院
江西财经大学现代经济管理学院
赣南师范学院科技学院
景德镇陶瓷学院科技艺术学院
江西科技师范大学理工学院
南昌大学共青学院
中国石油大学胜利学院
烟台大学文经学院
青岛理工大学琴岛学院
山东科技大学泰山科技学院
山东财经大学燕山学院
青岛农业大学海都学院
山东财经大学东方学院
山东师范大学历山学院
聊城大学东昌学院
济南大学泉城学院
北京电影学院现代创意媒体学院
河南理工大学万方科技学院
河南大学民生学院
中原工学院信息商务学院
安阳师范学院人文管理学院
河南师范大学新联学院
新乡医学院三全学院
河南科技学院新科学院
信阳师范学院华锐学院
华中科技大学武昌分校
中南财经政法大学武汉学院
武汉理工大学华夏学院
湖北大学知行学院
三峡大学科技学院
武汉科技大学城市学院
湖北工业大学工程技术学院
湖北工业大学商贸学院
武汉工程大学邮电与信息工程学院
武汉纺织大学外经贸学院
江汉大学文理学院
湖北汽车工业学院科技学院
湖北经济学院法商学院
武汉体育学院体育科技学院
湖北师范学院文理学院
湖北工程学院新技术学院
湖北民族学院科技学院
湖北医药学院药护学院
湖北文理学院理工学院
长江大学文理学院
长江大学工程技术学院
华中师范大学武汉传媒学院
华中农业大学楚天学院
武汉大学珞珈学院
湖南师范大学树达学院
湖南商学院北津学院
中南林业科技大学涉外学院
湖南农业大学东方科技学院
长沙理工大学城南学院
湖南科技大学潇湘学院
湖南工业大学科技学院
湘潭大学兴湘学院
南华大学船山学院
湖南文理学院芙蓉学院
湖南理工学院南湖学院
吉首大学张家界学院
湖南工程学院应用技术学院
湖南中医药大学湘杏学院
衡阳师范学院南岳学院
北京师范大学珠海分校
电子科技大学中山学院
广东工业大学华立学院
广州大学松田学院
北京理工大学珠海学院
吉林大学珠海学院
东莞理工学院城市学院
中山大学新华学院
华南农业大学珠江学院
广州大学华软软件学院
广东技术师范学院天河学院
中山大学南方学院
华南理工大学广州学院
广东财经大学华商学院
广东海洋大学寸金学院
广东外语外贸大学南国商学院
广西师范大学漓江学院
桂林电子科技大学信息科技学院
桂林理工大学博文管理学院
广西科技大学鹿山学院
广西师范学院师园学院
广西民族大学相思湖学院
广西大学行健文理学院
广西中医药大学赛恩斯新医药学院
北京航空航天大学北海学院
四川外国语大学重庆南方翻译学院
重庆师范大学涉外商贸学院
重庆工商大学融智学院
重庆工商大学派斯学院
重庆邮电大学移通学院
重庆大学城市科技学院
成都理工大学工程技术学院
成都信息工程学院银杏酒店管理学院
四川师范大学成都学院
四川外国语大学成都学院
电子科技大学成都学院
四川大学锦城学院
西南科技大学城市学院
四川大学锦江学院
西南财经大学天府学院
西南交通大学希望学院
贵州大学科技学院
贵州大学明德学院
贵州师范大学求是学院
遵义医学院医学与科技学院
贵阳中医学院时珍学院
贵州财经大学商务学院
贵州民族大学人文科技学院
贵阳医学院神奇民族医药学院
云南大学滇池学院
云南师范大学商学院
云南大学旅游文化学院
昆明医科大学海源学院
云南艺术学院文华学院
云南师范大学文理学院
昆明理工大学津桥学院
西安交通大学城市学院
西北大学现代学院
西安建筑科技大学华清学院
西安财经学院行知学院
陕西科技大学镐京学院
西安工业大学北方信息工程学院
延安大学西安创新学院
西安电子科技大学长安学院
西北工业大学明德学院
西安科技大学高新学院
长安大学兴华学院
西安理工大学高科学院
西北师范大学知行学院
兰州商学院陇桥学院
兰州交通大学博文学院
兰州商学院长青学院
兰州理工大学技术工程学院
宁夏大学新华学院
中国矿业大学银川学院
青海大学昆仑学院
新疆大学科学技术学院
新疆农业大学科学技术学院
新疆财经大学商务学院
新疆医科大学厚博学院
石河子大学科技学院