中国革命史与中国共产党党史
野生动物与自然保护区管理
飞行器环境与生命保障工程
资源环境与城乡规划管理
特种能源工程与烟火技术
塞尔维亚语—克罗地亚语
农业建筑与环境控制教育
农业建筑环境与能源工程
建筑环境与能源应用工程
集成电路设计与集成系统
机械维修及检测技术教育
机械设计制造及其自动化
化学工程与工业生物工程
化工分析与检测技术教育
工程力学与航天航空工程
中国少数民族语言文学
制造自动化与测控技术
政治学、经济学与哲学
橡塑制品成型工艺教育
水土保持与荒漠化防治
生物化学与分子生物学
塞尔维亚—克罗地亚语
农业机械化及其自动化
农产品储运与加工教育
能源动力系统及自动化
环境资源与发展经济学
自然保护与环境生态
图书情报与档案管理
临床医学与医学技术
公共卫生与预防医学
外国语言与外国历史
设施农业科学与工程
光电信息科学与工程
电子信息科学与技术
地球信息科学与技术
作曲与作曲技术理论
总图设计与工业运输
自然地理与资源环境
资源循环科学与工程
装潢设计与工艺教育
再生资源科学与技术
信息显示与光电技术
信息管理与信息系统
武术与民族传统体育
武器系统与发射工程
无机非金属材料工程
特种能源技术与工程
探测制导与控制技术
食品营养与检验教育
生物科学与生物技术
社会体育指导与管理
森林资源保护与游憩
人文地理与城乡规划
抢险救援指挥与技术
欧洲事务与欧洲关系
农业电气化与自动化
能源与环境系统工程
旅游管理与服务教育
雷电防护科学与技术
空间信息与数字技术
捷克语—斯洛伐克语
交通信息与控制工程
交通设备与控制工程
建筑节能技术与工程
建筑环境与设备工程
建筑电气与智能化　
核化工与核燃料工程
海洋渔业科学与技术
海洋生物资源与环境
过程装备与控制工程
国际事务与国际关系
轨道交通信号与控制
高分子材料加工工程
港口航道与海岸工程
港口海岸及治河工程
辐射防护与环境工程
服装设计与工艺教育
粉体材料科学与工程
飞行器质量与可靠性
东亚事务与东亚关系
电子信息技术及仪器
电气工程与智能控制
电气工程及其自动化
道路桥梁与渡河工程
弹药工程与爆炸技术
材料成型及控制工程
微电子科学与工程
计算机科学与技术
资源与环境经济学
中草药栽培与鉴定
智能电网信息工程
质量与可靠性工程
制浆造纸工艺教育
职业技术教育管理
应用电子技术教育
新能源科学与工程
新能源材料与器件
新媒体与信息网络
戏剧影视美术设计
微电子材料与器件
听力与言语康复学
水资源与海洋工程
水文与水资源工程
食品卫生与营养学
汽车维修工程教育
葡萄与葡萄酒工程
农业经营管理教育
农产品质量与安全
能源工程及自动化
历史建筑保护工程
交通设备信息工程
建筑设施智能技术
建筑电气与智能化
建筑材料工程教育
机械制造工艺教育
机械工程及自动化
海洋资源开发技术
光信息科学与技术
光电子材料与器件
给排水科学与工程
高分子材料与工程
辐射防护与核安全
非织造材料与工程
飞行器设计与工程
房地产开发与管理
电子与计算机工程
电气工程与自动化
电磁场与无线技术
地下水科学与工程
地面武器机动工程
船舶电子电气工程
城市地下空间工程
宝石及材料工艺学
捷克斯洛伐克语
物流管理与工程
食品科学与工程
马克思主义理论
环境科学与工程
管理科学与工程
安全科学与工程
服装设计与工程
电子科学与技术
资源科学与工程
种子科学与工程
中药资源与开发
中西医临床医学
中国共产党历史
智能科学与技术
植物科学与技术
政治学与行政学
运动康复与健康
影视摄影与制作
音乐科技与艺术
遥感科学与技术
信息与通信工程
信息与计算科学
系统科学与工程
武器系统与工程
文物与博物馆学
卫生检验与检疫
微机电系统工程
微电子制造工程
网络安全与执法
体育经济与管理
水族科学与技术
水质科学与技术
数学与应用数学
食品质量与安全
热能与动力工程
烹饪与营养教育
农业资源与环境
能源与资源工程
能源与动力工程
纳米材料与技术
木材科学与工程
煤及煤层气工程
理论与应用力学
劳动与社会保障
口腔修复工艺学
空间科学与技术
勘查技术与工程
救助与打捞工程
警务指挥与战术
交通建设与装备
会展艺术与技术
会展经济与管理
化学工程与工艺
核工程与核技术
航天运输与控制
航空器适航技术
焊接技术与工程
海洋资源与环境
海洋工程与技术
国际政治经济学
国际经济与贸易
国防教育与管理
广播电视新闻学
光电子技术科学
复合材料与工程
服装与服饰设计
风能与动力工程
分子科学与工程
飞行器制造工程
飞行器适航技术
飞行器动力工程
仿真科学与技术
房地产经营管理
电子商务及法律
电信工程及管理
电力工程与管理
电机电器智能化
电波传播与天线
地球与空间科学
船舶与海洋工程
测控技术与仪器
材料科学与工程
播音与主持艺术
中国语言文学
音乐与舞蹈学
戏剧与影视学
外国语言文学
生物医学工程
轻工纺织食品
农业经济管理
电子信息科学
资源环境科学
电子信息工程
资源勘查工程
装甲车辆工程
中国语言文化
质量管理工程
植物资源工程
植物生物技术
真空电子技术
灾害防治工程
运动人体科学
油气储运工程
应用生物科学
应用生物教育
影视艺术技术
印刷工艺教育
印度尼西亚语
医学影像技术
医学影像工程
医学信息工程
医学实验技术
医学美容技术
医学检验技术
医疗器械工程
言语听觉科学
刑事科学技术
信息资源管理
信息物理工程
信息科学技术
信息对抗技术
戏剧影视文学
戏剧影视导演
武器发射工程
文物保护技术
文化产业管理
网络与新媒体
土地资源管理
体育装备工程
体育产业管理
特用作物教育
特用动物教育
特许经营管理
斯洛文尼亚语
思想政治教育
水利水电工程
水产养殖教育
数字游戏设计
数字媒体艺术
数字媒体技术
数字电影技术
数理基础科学
视觉传达设计
市场营销教育
食品经济管理
食品工艺教育
生物资源科学
生物医学英语
生物信息技术
生物系统工程
生物功能材料
商务策划管理
人力资源管理
染整工艺教育
轻工生物技术
汽车服务工程
农业水利工程
农业机械教育
农林经济管理
农村区域发展
能源化学工程
民族传统体育
林木生产教育
连锁经营管理
矿物资源工程
矿物加工工程
口腔医学技术
科学社会主义
景观建筑设计
经济犯罪侦查
金属材料工程
交通管理工程
建筑工程教育
假肢矫形工程
机械工艺技术
机械电子工程
机电技术教育
环境生态工程
环保设备工程
化工工艺教育
核反应堆工程
航空航天工程
汉语国际教育
海洋油气工程
国内安全保卫
国民经济管理
国际文化贸易
国际文化交流
广播影视编导
广播电视工程
广播电视编导
光电信息工程
公共事业管理
公共安全管理
公安视听技术
工程结构分析
给水排水工程
高等教育管理
妇幼保健医学
纺织工艺教育
动物生物技术
电子封装技术
电气信息工程
电气技术教育
地球环境科学
地理信息系统
地理信息科学
地理国情监测
畜禽生产教育
产品质量工程
财务会计教育
安全防范工程
阿尔巴尼亚语
中西医结合
艺术学理论
新闻传播学
图书档案学
经济与贸易
环境与安全
化工与制药
地球物理学
知识产权法
针灸推拿学
应用语言学
应用心理学
应用物理学
应用统计学
应用气象学
艺术与科技
艺术设计学
医学影像学
医学信息学
医学实验学
眼视光医学
物联网工程
乌兹别克语
网络经济学
斯瓦希里语
斯洛伐克语
水产养殖学
生物信息学
商务经济学
塞尔维亚语
全球健康学
农业电气化
罗马尼亚语
拉脱维亚语
克罗地亚语
康复治疗学
军事海洋学
经济与金融
经济统计学
教育技术学
计算机软件
化学生物学
核生化消防
核安全工程
汉语言文学
海洋经济学
广播电视学
光源与照明
古典文献学
公共政策学
公共关系学
公安情报学
公安管理学
梵语巴利语
动植物检疫
传感网技术
标准化工程
编辑出版学
保加利亚语
爱沙尼亚语
植物生产
预防医学
仪器仪表
医学技术
生物科学
生物工程
森林资源
农业工程
能源动力
旅游管理
临床医学
林业工程
口腔医学
交通运输
基础医学
环境生态
环境科学
航空航天
海洋科学
海洋工程
公共管理
公安技术
工业工程
工商管理
工程力学
动物医学
动物生产
电子信息
电气信息
地理科学
大气科学
草业科学
材料科学
信息安全
信用管理
运动康复
中药制药
材料物理
材料化学
资产评估
制造工程
制药工程
植物保护
知识产权
照明艺术
运动训练
园艺教育
应用药学
应用化学
应急管理
影视教育
印刷工程
音乐表演
意大利语
艺术史论
艺术设计
艺术教育
医学检验
冶金工程
药物制剂
药物化学
药物分析
药事管理
眼视光学
学前教育
休闲体育
匈牙利语
信息工程
小学教育
消防指挥
消防工程
项目管理
系统理论
稀土工程
希伯莱语
希伯来语
西班牙语
物业管理
物流管理
物流工程
舞蹈表演
舞蹈编导
乌克兰语
乌尔都语
文秘教育
卫生检验
卫生监督
微电子学
网络工程
土木工程
土耳其语
图书馆学
通信工程
体育经济
体育教育
特殊教育
泰米尔语
水务工程
水声工程
数字印刷
数字出版
市场营销
世界历史
石油工程
生物制药
生物技术
生物安全
涉外警务
社会体育
社会工作
商务英语
僧加罗语
僧伽罗语
森林工程
森林保护
软件工程
乳品工程
人文教育
轻化工程
普什图语
葡萄牙语
农艺教育
酿酒工程
尼泊尔语
能源经济
孟加拉语
媒体创意
贸易经济
马耳他语
轮机工程
录音艺术
临床药学
林产化工
粮食工程
立陶宛语
劳动关系
科学教育
科技防卫
酒店管理
警犬技术
精神医学
金融数学
金融工程
交通管理
交通工程
柬埔寨语
机械工程
火灾勘查
环境设计
环境经济
环境监察
环境工程
华文教育
航运管理
航海技术
行政管理
海洋药学
海洋技术
海洋管理
海事管理
海关管理
哈萨克语
国际政治
国际事务
国际商务
管理科学
古生物学
古典文献
功能材料
公共艺术
工艺美术
工业设计
工程造价
工程物理
工程机械
工程管理
风景园林
菲律宾语
飞行技术
放射医学
纺织工程
对外汉语
动物药学
动物科学
电子商务
地质工程
地球化学
导航工程
城乡规划
城市规划
城市管理
车辆工程
产品设计
测绘工程
采矿工程
采购管理
财务管理
博物馆学
边防指挥
边防管理
保密管理
包装工程
安全工程
爱尔兰语
阿拉伯语
自动化
中医学
中药学
政治学
心理学
物理学
统计学
天文学
体育学
社会学
设计学
民族学
美术学
历史学
经济学
金融学
教育学
计算机
护理学
核工程
公安学
法医学
地质学
财政学
祖鲁语
宗教学
壮医学
中国学
中国画
治安学
侦查学
越南语
影视学
营养学
印地语
音乐学
艺术学
新闻学
戏剧学
希腊语
舞蹈学
维医学
外交学
投资学
听力学
税收学
书法学
世界语
世界史
生态学
审计学
商品学
瑞典语
女性学
挪威语
缅甸语
秘书学
蒙医学
蒙药学
蒙古语
马来语
麻醉学
逻辑学
伦理学
老挝语
拉丁语
考古学
警卫学
景观学
禁毒学
捷克语
建筑学
监狱学
家政学
会计学
核物理
核技术
荷兰语
豪萨语
汉语言
韩国语
哈医学
广告学
管理学
芬兰语
犯罪学
电影学
档案学
丹麦语
传播学
朝鲜语
藏医学
藏药学
波斯语
波兰语
冰岛语
保险学
人类学
哲学
仪器
药学
武器
土木
土建
水利
水产
数学
轻工
林学
力学
矿业
建筑
机械
化学
纺织
法学
电气
地质
地矿
测绘
草学
材料
兵器
园艺
园林
英语
医学
烟草
文学
泰语
税务
声学
摄影
日语
农学
理学
绘画
工学
蜂学
翻译
法语
俄语
动画
雕塑
德语
导演
茶学
蚕学
表演
保险